<?xml version="1.0" encoding="UTF-8"?>
<!-- Generated by org.testng.reporters.JUnitReportReporter -->
<testsuite hostname="Mds-MacBook-Pro.local" failures="0" tests="1" name="TestNG.TestNG" time="0.009" errors="0" timestamp="2023-06-23T02:23:41 EDT" skipped="0">
  <testcase classname="TestNG.TestNG" name="login" time="0.009"/>
  <system-out/>
</testsuite> <!-- TestNG.TestNG -->
